p:\graphics\shibagamenew\debug\vc141.pdb
p:\graphics\shibagamenew\debug\vc141.idb
p:\graphics\shibagamenew\debug\bone.obj
p:\graphics\shibagamenew\debug\bush.obj
p:\graphics\shibagamenew\debug\character.obj
p:\graphics\shibagamenew\debug\chicken.obj
p:\graphics\shibagamenew\debug\chompsky.obj
p:\graphics\shibagamenew\debug\cornerpath.obj
p:\graphics\shibagamenew\debug\hanzo.obj
p:\graphics\shibagamenew\debug\heart.obj
p:\graphics\shibagamenew\debug\house.obj
p:\graphics\shibagamenew\debug\hud.obj
p:\graphics\shibagamenew\debug\item.obj
p:\graphics\shibagamenew\debug\main.obj
p:\graphics\shibagamenew\debug\map.obj
p:\graphics\shibagamenew\debug\mapobject.obj
p:\graphics\shibagamenew\debug\node.obj
p:\graphics\shibagamenew\debug\obb.obj
p:\graphics\shibagamenew\debug\owner.obj
p:\graphics\shibagamenew\debug\path.obj
p:\graphics\shibagamenew\debug\player2hanzo.obj
p:\graphics\shibagamenew\debug\menu.obj
p:\graphics\shibagamenew\debug\minigamebarn.obj
p:\graphics\shibagamenew\debug\sample.exe
p:\graphics\shibagamenew\debug\sample.ilk
p:\graphics\shibagamenew\debug\sample.pdb
p:\graphics\shibagamenew\debug\main.new.obj.enc
p:\graphics\shibagamenew\debug\sample.tlog\cl.command.1.tlog
p:\graphics\shibagamenew\debug\sample.tlog\cl.read.1.tlog
p:\graphics\shibagamenew\debug\sample.tlog\cl.write.1.tlog
p:\graphics\shibagamenew\debug\sample.tlog\link.command.1.tlog
p:\graphics\shibagamenew\debug\sample.tlog\link.read.1.tlog
p:\graphics\shibagamenew\debug\sample.tlog\link.write.1.tlog
